 __
 8♦  K♦  7♥  8♥  K♥ 10♣  7♣  Q♦  9♦ 
 8♣  K♠  6♥  K♣  9♥  Q♥  J♦  6♣  Q♣ 
 A♣ 10♠ 10♥ 10♦  J♥  6♠  7♠  7♦  A♦ 
 8♠  Q♠  J♣  9♣  9♠  J♠  6♦  A♥  A♠ 

1. Solved in 38 moves !
8♠(0) ->  __(9)
Q♠(1) -> J♠(5)
J♣(2) -> A♣(0)
9♠(4) -> 10♥(2)
J♥(4) -> A♥(7)
9♥(4) -> 10♠(1)
K♥(4) -> J♥(7)
[A♣, J♣](0) ->  __(4)
8♣(0) -> 9♥(1)
8♦(0) -> 9♠(2)
[10♠, 9♥, 8♣](1) ->  __(0)
K♠(1) -> Q♠(5)
[J♠, Q♠, K♠](5) -> A♠(8)
[7♠, 6♦](6) -> 8♦(2)
K♦(1) -> J♦(6)
[10♦, 9♣](3) ->  __(1)
K♣(3) -> J♣(4)
8♥(3) -> 9♣(1)
6♠(5) ->  __(3)
[A♥, J♥, K♥](7) -> Q♥(5)
6♠(3) -> 7♦(7)
[J♦, K♦](6) ->  __(3)
7♣(6) -> 8♥(1)
[10♥, 9♠, 8♦, 7♠, 6♦](2) ->  __(6)
6♥(2) -> 7♣(1)
7♥(2) -> 8♣(0)
[7♦, 6♠](7) ->  __(2)
6♣(7) -> 7♥(0)
[J♦, K♦](3) -> Q♦(7)
[A♠, J♠, Q♠, K♠](8) ->  __(3)
[Q♦, J♦, K♦](7) -> A♦(8)
[A♦, Q♦, J♦, K♦](8) ->  __(7)
[A♣, J♣, K♣](4) -> Q♣(8)
[Q♣, A♣, J♣, K♣](8) ->  __(4)
8♠(9) -> 9♦(8)
[7♦, 6♠](2) -> 8♠(8)
[Q♥, A♥, J♥, K♥](5) ->  __(2)
[9♦, 8♠, 7♦, 6♠](8) -> 10♣(5)

4. Solved in 37 moves !
8♠(0) ->  __(9)
Q♠(1) -> J♠(5)
J♣(2) -> A♣(0)
9♠(4) -> 10♥(2)
J♥(4) -> A♥(7)
9♥(4) -> 10♠(1)
K♥(4) -> J♥(7)
[A♣, J♣](0) ->  __(4)
8♣(0) -> 9♥(1)
8♦(0) -> 9♠(2)
[10♠, 9♥, 8♣](1) ->  __(0)
K♠(1) -> Q♠(5)
[J♠, Q♠, K♠](5) -> A♠(8)
[7♠, 6♦](6) -> 8♦(2)
K♦(1) -> J♦(6)
[10♦, 9♣](3) ->  __(1)
K♣(3) -> J♣(4)
8♥(3) -> 9♣(1)
6♠(5) ->  __(3)
[A♥, J♥, K♥](7) -> Q♥(5)
6♠(3) -> 7♦(7)
[J♦, K♦](6) ->  __(3)
7♣(6) -> 8♥(1)
[10♥, 9♠, 8♦, 7♠, 6♦](2) ->  __(6)
6♥(2) -> 7♣(1)
7♥(2) -> 8♣(0)
[7♦, 6♠](7) ->  __(2)
6♣(7) -> 7♥(0)
[J♦, K♦](3) -> Q♦(7)
[A♠, J♠, Q♠, K♠](8) ->  __(3)
[Q♦, J♦, K♦](7) -> A♦(8)
[A♦, Q♦, J♦, K♦](8) ->  __(7)
Q♣(8) -> K♣(4)
8♠(9) -> 9♦(8)
[7♦, 6♠](2) -> 8♠(8)
[Q♥, A♥, J♥, K♥](5) ->  __(2)
[9♦, 8♠, 7♦, 6♠](8) -> 10♣(5)

12. Solved in 36 moves !
8♠(0) ->  __(9)
Q♠(1) -> J♠(5)
J♣(2) -> A♣(0)
9♠(4) -> 10♥(2)
J♥(4) -> A♥(7)
9♥(4) -> 10♠(1)
K♥(4) -> J♥(7)
[A♣, J♣](0) ->  __(4)
8♣(0) -> 9♥(1)
8♦(0) -> 9♠(2)
[10♠, 9♥, 8♣](1) ->  __(0)
K♠(1) -> Q♠(5)
[J♠, Q♠, K♠](5) -> A♠(8)
[7♠, 6♦](6) -> 8♦(2)
K♦(1) -> J♦(6)
[10♦, 9♣](3) ->  __(1)
K♣(3) -> J♣(4)
8♥(3) -> 9♣(1)
6♠(5) ->  __(3)
[A♥, J♥, K♥](7) -> Q♥(5)
6♠(3) -> 7♦(7)
[J♦, K♦](6) ->  __(3)
7♣(6) -> 8♥(1)
[10♥, 9♠, 8♦, 7♠, 6♦](2) ->  __(6)
6♥(2) -> 7♣(1)
7♥(2) -> 8♣(0)
[7♦, 6♠](7) ->  __(2)
6♣(7) -> 7♥(0)
[J♦, K♦](3) -> Q♦(7)
[A♠, J♠, Q♠, K♠](8) ->  __(3)
A♦(8) -> K♦(7)
Q♣(8) -> K♣(4)
8♠(9) -> 9♦(8)
[7♦, 6♠](2) -> 8♠(8)
[Q♥, A♥, J♥, K♥](5) ->  __(2)
[9♦, 8♠, 7♦, 6♠](8) -> 10♣(5)

80. Solved in 35 moves !
8♠(0) ->  __(9)
Q♠(1) -> J♠(5)
J♣(2) -> A♣(0)
9♠(4) -> 10♥(2)
J♥(4) -> A♥(7)
9♥(4) -> 10♠(1)
K♥(4) -> J♥(7)
[A♣, J♣](0) ->  __(4)
8♣(0) -> 9♥(1)
8♦(0) -> 9♠(2)
[10♠, 9♥, 8♣](1) ->  __(0)
K♠(1) -> Q♠(5)
[J♠, Q♠, K♠](5) -> A♠(8)
[7♠, 6♦](6) -> 8♦(2)
K♦(1) -> J♦(6)
[10♦, 9♣](3) ->  __(1)
K♣(3) -> J♣(4)
8♥(3) -> 9♣(1)
6♠(5) ->  __(3)
[A♥, J♥, K♥](7) -> Q♥(5)
6♠(3) -> 7♦(7)
[J♦, K♦](6) ->  __(3)
7♣(6) -> 8♥(1)
[10♥, 9♠, 8♦, 7♠, 6♦](2) ->  __(6)
6♥(2) -> 7♣(1)
7♥(2) -> 8♣(0)
[A♠, J♠, Q♠, K♠](8) ->  __(2)
A♦(8) -> K♦(3)
Q♣(8) -> K♣(4)
8♠(9) -> 9♦(8)
[7♦, 6♠](7) -> 8♠(8)
6♣(7) -> 7♥(0)
Q♦(7) -> A♦(3)
[Q♥, A♥, J♥, K♥](5) ->  __(7)
[9♦, 8♠, 7♦, 6♠](8) -> 10♣(5)

297. Solved in 34 moves !
8♠(0) ->  __(9)
Q♠(1) -> J♠(5)
J♣(2) -> A♣(0)
9♠(4) -> 10♥(2)
J♥(4) -> A♥(7)
9♥(4) -> 10♠(1)
K♥(4) -> J♥(7)
[A♣, J♣](0) ->  __(4)
8♣(0) -> 9♥(1)
8♦(0) -> 9♠(2)
[10♠, 9♥, 8♣](1) ->  __(0)
K♠(1) -> Q♠(5)
[J♠, Q♠, K♠](5) -> A♠(8)
[7♠, 6♦](6) -> 8♦(2)
K♦(1) -> J♦(6)
[10♦, 9♣](3) ->  __(1)
K♣(3) -> J♣(4)
8♥(3) -> 9♣(1)
6♠(5) ->  __(3)
[A♥, J♥, K♥](7) -> Q♥(5)
6♠(3) -> 7♦(7)
[7♦, 6♠](7) -> 8♣(0)
[A♠, J♠, Q♠, K♠](8) ->  __(3)
[J♦, K♦](6) -> A♦(8)
7♣(6) -> 8♥(1)
[10♥, 9♠, 8♦, 7♠, 6♦](2) ->  __(6)
6♥(2) -> 7♣(1)
6♣(7) -> 7♥(2)
[A♦, J♦, K♦](8) -> Q♦(7)
Q♣(8) -> K♣(4)
8♠(9) -> 9♦(8)
[7♥, 6♣](2) -> 8♠(8)
[Q♥, A♥, J♥, K♥](5) ->  __(2)
[9♦, 8♠, 7♥, 6♣](8) -> 10♣(5)

684. Solved in 33 moves !
8♠(0) ->  __(9)
Q♠(1) -> J♠(5)
J♣(2) -> A♣(0)
9♠(4) -> 10♥(2)
J♥(4) -> A♥(7)
9♥(4) -> 10♠(1)
K♥(4) -> J♥(7)
[A♣, J♣](0) ->  __(4)
8♣(0) -> 9♥(1)
8♦(0) -> 9♠(2)
[10♠, 9♥, 8♣](1) ->  __(0)
K♠(1) -> Q♠(5)
[J♠, Q♠, K♠](5) -> A♠(8)
[7♠, 6♦](6) -> 8♦(2)
K♦(1) -> J♦(6)
[10♦, 9♣](3) ->  __(1)
K♣(3) -> J♣(4)
8♥(3) -> 9♣(1)
[A♠, J♠, Q♠, K♠](8) ->  __(3)
[J♦, K♦](6) -> A♦(8)
7♣(6) -> 8♥(1)
[10♥, 9♠, 8♦, 7♠, 6♦](2) ->  __(6)
6♥(2) -> 7♣(1)
6♠(5) -> 7♥(2)
[A♥, J♥, K♥](7) -> Q♥(5)
7♦(7) -> 8♣(0)
6♣(7) -> 7♦(0)
[A♦, J♦, K♦](8) -> Q♦(7)
Q♣(8) -> K♣(4)
8♠(9) -> 9♦(8)
[7♥, 6♠](2) -> 8♠(8)
[Q♥, A♥, J♥, K♥](5) ->  __(2)
[9♦, 8♠, 7♥, 6♠](8) -> 10♣(5)

